<?xml version="1.0" encoding="UTF-8"?>
<testsuite xmlns:xsi="http://www.w3.org/2001/XMLSchema-instance" xsi:noNamespaceSchemaLocation="https://maven.apache.org/surefire/maven-surefire-plugin/xsd/surefire-test-report.xsd" name="ApiForMavenTest" time="7.832" tests="4" errors="0" skipped="0" failures="0">
  <properties>
[...]
</properties>
  <testcase name="testSecond" classname="ApiForMavenTest" time="7.794"/>
  <testcase name="testThird" classname="ApiForMavenTest" time="7.813"/>
  <testcase name="testFirst" classname="ApiForMavenTest" time="7.821"/>
  <testcase name="testFourth" classname="ApiForMavenTest" time="7.829"/>
</testsuite>