-------------------------------------------------------------------------------
Test set: UiForMavenTest
-------------------------------------------------------------------------------
Tests run: 2, Failures: 1, Errors: 0, Skipped: 0, Time elapsed: 28.142 s <<< FAILURE! - in UiForMavenTest
testApple(UiForMavenTest)  Time elapsed: 12.191 s  <<< FAILURE!
java.lang.AssertionError
	at UiForMavenTest.testApple(UiForMavenTest.java:39)

